STEP to UG
! INFO-     NX STEP AP214 - V2506.3001
! INFO-      
! INFO-     Start of Translation: 24-MAR-2026  11:22:11 AM
! INFO-      
! STATUS-   Converting Part: C:\Users\manoe\Meng\ManoEng\libs\connector\3PIN\3PIN.STEP
! SUMMARY-   
! SUMMARY-    STEP Header Information
! SUMMARY-   
! SUMMARY-  Description      STEP AP214
! SUMMARY-  Imp_Level        1
! SUMMARY-  File_Name        3PIN.STEP
! SUMMARY-  Date             2026-03-24T16:08:17
! SUMMARY-  Author           Unknown
! SUMMARY-  Organization     Unknown
! SUMMARY-  Pre_Version      SwSTEP 2.0
! SUMMARY-  Orig_System      SolidWorks 2024
! SUMMARY-  Authorization    Unknown
! SUMMARY-  Schema_ID        automotive_design
! SUMMARY-   
! SUMMARY-    Summary of STEP Entities
! SUMMARY-   
! SUMMARY-  Entity Type                                                   Count
! SUMMARY-  -----------                                                   ------
! SUMMARY-  advanced_face ..............................................:    115
! SUMMARY-  application_context ........................................:      2
! SUMMARY-  axis2_placement_3d .........................................:    191
! SUMMARY-  b_spline_curve_with_knots ..................................:      3
! SUMMARY-  cartesian_point ............................................:    653
! SUMMARY-  circle .....................................................:     75
! SUMMARY-  closed_shell ...............................................:      4
! SUMMARY-  conical_surface ............................................:      6
! SUMMARY-  cylindrical_surface ........................................:     30
! SUMMARY-  direction ..................................................:    608
! SUMMARY-  edge_curve .................................................:    304
! SUMMARY-  edge_loop ..................................................:    116
! SUMMARY-  face_bound .................................................:      1
! SUMMARY-  face_outer_bound ...........................................:    115
! SUMMARY-  geometric_representation_context_and_global_uncertainty_a ..:      5
! SUMMARY-  length_unit_and_si_unit ....................................:      5
! SUMMARY-  line .......................................................:    226
! SUMMARY-  manifold_solid_brep ........................................:      4
! SUMMARY-  oriented_edge ..............................................:    608
! SUMMARY-  plane ......................................................:     79
! SUMMARY-  plane_angle_unit_and_si_unit ...............................:      5
! SUMMARY-  product ....................................................:      1
! SUMMARY-  product_context ............................................:      1
! SUMMARY-  product_definition .........................................:      1
! SUMMARY-  product_definition_context .................................:      1
! SUMMARY-  product_definition_formation_with_specified_source .........:      1
! SUMMARY-  product_definition_shape ...................................:      1
! SUMMARY-  product_related_product_category ...........................:      1
! SUMMARY-  si_unit_and_solid_angle_unit ...............................:      5
! SUMMARY-  uncertainty_measure_with_unit ..............................:      5
! SUMMARY-  vector .....................................................:    226
! SUMMARY-  vertex_point ...............................................:    198
! SUMMARY-                                                               -------
! SUMMARY-  Total                                                           3596
! STATUS-    
! STATUS-   Converting to Output Form (Phase 2 of 3): 24-MAR-2026 11:22:11 AM
! STATUS-    
! STATUS-    
! STATUS-   Generating UG geometry and placing them in parts
! STATUS-    
! STATUS-   Creating the UG part (Phase 3 of 3): 24-MAR-2026  11:22:11 AM
! INFO-     Filing Part ..: C:\Users\manoe\Meng\ManoEng\libs\connector\3PIN\3PIN_step.prt
! SUMMARY-   
! SUMMARY-  Summary of Unigraphics Part Entities
! SUMMARY-   
! SUMMARY-  Entities Processed             Count
! SUMMARY-  ------------------             -----
! SUMMARY-  Solid/Sheet .................:     4
! SUMMARY-                                 -----
! SUMMARY-  Total                              4
! INFO-      
! INFO-     Total number of solids input for this translation       :         4
! INFO-      
! INFO-     Number of solids created without body validation faults :         4
! INFO-      
! INFO-     Number of solids created with body validation fault(s)  :         0
! INFO-      
! INFO-     Number of solids ending up as sheet bodies              :         0
! INFO-      
! INFO-     End of Translation: 24-MAR-2026  11:22:11 AM
! INFO-      
STEP to UG
! INFO-     NX STEP AP214 - V2506.3001
! INFO-      
! INFO-     Start of Translation: 24-MAR-2026  12:59:10 PM
! INFO-      
! STATUS-   Converting Part: C:\Users\manoe\Meng\ManoEng\libs\connector\3PIN\3PIN.STEP
! SUMMARY-   
! SUMMARY-    STEP Header Information
! SUMMARY-   
! SUMMARY-  Description      STEP AP214
! SUMMARY-  Imp_Level        1
! SUMMARY-  File_Name        3PIN.STEP
! SUMMARY-  Date             2026-03-24T16:08:17
! SUMMARY-  Author           Unknown
! SUMMARY-  Organization     Unknown
! SUMMARY-  Pre_Version      SwSTEP 2.0
! SUMMARY-  Orig_System      SolidWorks 2024
! SUMMARY-  Authorization    Unknown
! SUMMARY-  Schema_ID        automotive_design
! SUMMARY-   
! SUMMARY-    Summary of STEP Entities
! SUMMARY-   
! SUMMARY-  Entity Type                                                   Count
! SUMMARY-  -----------                                                   ------
! SUMMARY-  advanced_face ..............................................:    115
! SUMMARY-  application_context ........................................:      2
! SUMMARY-  axis2_placement_3d .........................................:    191
! SUMMARY-  b_spline_curve_with_knots ..................................:      3
! SUMMARY-  cartesian_point ............................................:    653
! SUMMARY-  circle .....................................................:     75
! SUMMARY-  closed_shell ...............................................:      4
! SUMMARY-  conical_surface ............................................:      6
! SUMMARY-  cylindrical_surface ........................................:     30
! SUMMARY-  direction ..................................................:    608
! SUMMARY-  edge_curve .................................................:    304
! SUMMARY-  edge_loop ..................................................:    116
! SUMMARY-  face_bound .................................................:      1
! SUMMARY-  face_outer_bound ...........................................:    115
! SUMMARY-  geometric_representation_context_and_global_uncertainty_a ..:      5
! SUMMARY-  length_unit_and_si_unit ....................................:      5
! SUMMARY-  line .......................................................:    226
! SUMMARY-  manifold_solid_brep ........................................:      4
! SUMMARY-  oriented_edge ..............................................:    608
! SUMMARY-  plane ......................................................:     79
! SUMMARY-  plane_angle_unit_and_si_unit ...............................:      5
! SUMMARY-  product ....................................................:      1
! SUMMARY-  product_context ............................................:      1
! SUMMARY-  product_definition .........................................:      1
! SUMMARY-  product_definition_context .................................:      1
! SUMMARY-  product_definition_formation_with_specified_source .........:      1
! SUMMARY-  product_definition_shape ...................................:      1
! SUMMARY-  product_related_product_category ...........................:      1
! SUMMARY-  si_unit_and_solid_angle_unit ...............................:      5
! SUMMARY-  uncertainty_measure_with_unit ..............................:      5
! SUMMARY-  vector .....................................................:    226
! SUMMARY-  vertex_point ...............................................:    198
! SUMMARY-                                                               -------
! SUMMARY-  Total                                                           3596
! STATUS-    
! STATUS-   Converting to Output Form (Phase 2 of 3): 24-MAR-2026 12:59:10 PM
! STATUS-    
! STATUS-    
! STATUS-   Generating UG geometry and placing them in parts
! STATUS-    
! STATUS-   Creating the UG part (Phase 3 of 3): 24-MAR-2026  12:59:10 PM
! INFO-     Filing Part ..: C:\Users\manoe\Meng\ManoEng\libs\connector\3PIN\3PIN_step_1.prt
! SUMMARY-   
! SUMMARY-  Summary of Unigraphics Part Entities
! SUMMARY-   
! SUMMARY-  Entities Processed             Count
! SUMMARY-  ------------------             -----
! SUMMARY-  Solid/Sheet .................:     4
! SUMMARY-                                 -----
! SUMMARY-  Total                              4
! INFO-      
! INFO-     Total number of solids input for this translation       :         4
! INFO-      
! INFO-     Number of solids created without body validation faults :         4
! INFO-      
! INFO-     Number of solids created with body validation fault(s)  :         0
! INFO-      
! INFO-     Number of solids ending up as sheet bodies              :         0
! INFO-      
! INFO-     End of Translation: 24-MAR-2026  12:59:10 PM
! INFO-      
