STEP to UG
! INFO-     NX STEP AP214 - V2506.3001
! INFO-      
! INFO-     Start of Translation: 24-MAR-2026  1:20:59 PM
! INFO-      
! STATUS-   Converting Part: C:\Users\manoe\Meng\ManoEng\libs\connector\open_end\open_end.STEP
! SUMMARY-   
! SUMMARY-    STEP Header Information
! SUMMARY-   
! SUMMARY-  Description      STEP AP214
! SUMMARY-  Imp_Level        1
! SUMMARY-  File_Name        open_end.STEP
! SUMMARY-  Date             2026-03-24T18:20:23
! SUMMARY-  Author           Unknown
! SUMMARY-  Organization     Unknown
! SUMMARY-  Pre_Version      SwSTEP 2.0
! SUMMARY-  Orig_System      SolidWorks 2024
! SUMMARY-  Authorization    Unknown
! SUMMARY-  Schema_ID        automotive_design
! SUMMARY-   
! SUMMARY-    Summary of STEP Entities
! SUMMARY-   
! SUMMARY-  Entity Type                                                   Count
! SUMMARY-  -----------                                                   ------
! SUMMARY-  advanced_face ..............................................:      4
! SUMMARY-  application_context ........................................:      2
! SUMMARY-  axis2_placement_3d .........................................:      9
! SUMMARY-  cartesian_point ............................................:     15
! SUMMARY-  circle .....................................................:      4
! SUMMARY-  closed_shell ...............................................:      1
! SUMMARY-  cylindrical_surface ........................................:      2
! SUMMARY-  direction ..................................................:     20
! SUMMARY-  edge_curve .................................................:      6
! SUMMARY-  edge_loop ..................................................:      4
! SUMMARY-  face_outer_bound ...........................................:      4
! SUMMARY-  geometric_representation_context_and_global_uncertainty_a ..:      2
! SUMMARY-  length_unit_and_si_unit ....................................:      2
! SUMMARY-  line .......................................................:      2
! SUMMARY-  manifold_solid_brep ........................................:      1
! SUMMARY-  oriented_edge ..............................................:     12
! SUMMARY-  plane ......................................................:      2
! SUMMARY-  plane_angle_unit_and_si_unit ...............................:      2
! SUMMARY-  product ....................................................:      1
! SUMMARY-  product_context ............................................:      1
! SUMMARY-  product_definition .........................................:      1
! SUMMARY-  product_definition_context .................................:      1
! SUMMARY-  product_definition_formation_with_specified_source .........:      1
! SUMMARY-  product_definition_shape ...................................:      1
! SUMMARY-  product_related_product_category ...........................:      1
! SUMMARY-  si_unit_and_solid_angle_unit ...............................:      2
! SUMMARY-  uncertainty_measure_with_unit ..............................:      2
! SUMMARY-  vector .....................................................:      2
! SUMMARY-  vertex_point ...............................................:      4
! SUMMARY-                                                               -------
! SUMMARY-  Total                                                            111
! STATUS-    
! STATUS-   Converting to Output Form (Phase 2 of 3): 24-MAR-2026 1:20:59 PM
! STATUS-    
! STATUS-    
! STATUS-   Generating UG geometry and placing them in parts
! STATUS-    
! STATUS-   Creating the UG part (Phase 3 of 3): 24-MAR-2026  1:20:59 PM
! INFO-     Filing Part ..: C:\Users\manoe\Meng\ManoEng\libs\connector\open_end\open_end_step.prt
! SUMMARY-   
! SUMMARY-  Summary of Unigraphics Part Entities
! SUMMARY-   
! SUMMARY-  Entities Processed             Count
! SUMMARY-  ------------------             -----
! SUMMARY-  Solid/Sheet .................:     1
! SUMMARY-                                 -----
! SUMMARY-  Total                              1
! INFO-      
! INFO-     Total number of solids input for this translation       :         1
! INFO-      
! INFO-     Number of solids created without body validation faults :         1
! INFO-      
! INFO-     Number of solids created with body validation fault(s)  :         0
! INFO-      
! INFO-     Number of solids ending up as sheet bodies              :         0
! INFO-      
! INFO-     End of Translation: 24-MAR-2026  1:21:03 PM
! INFO-      
